ARM GAS  BootLoadM4.s 			page 1


   1              	  .syntax unified
   2              	  .cpu cortex-m4
   3              	  .thumb
   4              	
   5              	  .global BootLoadM4
   6              	
   7              	  .thumb_func
   8              	BootLoadM4:
   9 0000 00F024B8 	  .byte 0X00, 0XF0, 0X24, 0XB8, 0XBD, 0XF1, 0X04, 0X0D, 0X00, 0XB5, 0X04, 0X20, 0XC0, 0XF2, 0X08, 0
   9      BDF1040D 
   9      00B50420 
   9      C0F20800 
  10 0010 41F20001 	  .byte 0X41, 0XF2, 0X00, 0X01, 0XCD, 0XF2, 0X20, 0X01, 0X01, 0X22, 0X02, 0XDF, 0X41, 0XF2, 0X10, 0
  10      CDF22001 
  10      012202DF 
  10      41F21000 
  11 0020 CDF22000 	  .byte 0XCD, 0XF2, 0X20, 0X00, 0X00, 0X68, 0X01, 0X90, 0X05, 0X20, 0XC0, 0XF2, 0X08, 0X00, 0X41, 0
  11      00680190 
  11      0520C0F2 
  11      080041F2 
  12 0030 0021CDF2 	  .byte 0X00, 0X21, 0XCD, 0XF2, 0X20, 0X01, 0X01, 0X9A, 0X02, 0XF2, 0XFF, 0X12, 0X52, 0X12, 0X52, 0
  12      2001019A 
  12      02F2FF12 
  12      5212521E 
  13 0040 02DF5DF8 	  .byte 0X02, 0XDF, 0X5D, 0XF8, 0X04, 0XEB, 0X1D, 0XF1, 0X04, 0X0D, 0X70, 0X47, 0X42, 0X20, 0X01, 0
  13      04EB1DF1 
  13      040D7047 
  13      422001DF 
  14 0050 FFF7D8FF 	  .byte 0XFF, 0XF7, 0XD8, 0XFF, 0X41, 0XF2, 0X0C, 0X00, 0XCD, 0XF2, 0X20, 0X00, 0X00, 0X21, 0XCD, 0
  14      41F20C00 
  14      CDF22000 
  14      0021CDF2 
  15 0060 80010160 	  .byte 0X80, 0X01, 0X01, 0X60, 0X41, 0XF2, 0X18, 0X00, 0XCD, 0XF2, 0X20, 0X00, 0X00, 0X21, 0XC1, 0
  15      41F21800 
  15      CDF22000 
  15      0021C1F2 
  16 0070 01010160 	  .byte 0X01, 0X01, 0X01, 0X60, 0X44, 0X20, 0X01, 0XDF, 0X41, 0XF2, 0X00, 0X00, 0XCD, 0XF2, 0X20, 0
  16      442001DF 
  16      41F20000 
  16      CDF22000 
  17 0080 0047     	  .byte 0X00, 0X47
  18              	
  19              	
  20              	  // End of file.
ARM GAS  BootLoadM4.s 			page 2


DEFINED SYMBOLS
        BootLoadM4.s:8      .text:0000000000000000 BootLoadM4
                            .text:0000000000000000 $d

NO UNDEFINED SYMBOLS
